<?xml version="1.0" encoding="UTF-8"?>
<testng-results ignored="2" total="13" passed="11" failed="0" skipped="0">
  <reporter-output>
  </reporter-output>
  <suite started-at="2025-05-05T18:43:45 GMT" name="MyFuckingTests" finished-at="2025-05-05T18:43:45 GMT" duration-ms="68">
    <groups>
      <group name="Smoke">
        <method signature="day2.hark()[pri:0, instance:tests.day2@3bd82cf5]" name="hark" class="tests.day2"/>
        <method signature="day4.MobileloginHomeLoan()[pri:0, instance:tests.day4@24313fcc]" name="MobileloginHomeLoan" class="tests.day4"/>
        <method signature="day3.MobilesigninCarLoan()[pri:0, instance:tests.day3@394a2528]" name="MobilesigninCarLoan" class="tests.day3"/>
      </group> <!-- Smoke -->
    </groups>
    <test started-at="2025-05-05T18:43:45 GMT" name="Trials" finished-at="2025-05-05T18:43:45 GMT" duration-ms="59">
      <class name="tests.day4">
        <test-method signature="LoginAPIHomeloan()[pri:0, instance:tests.day4@24313fcc]" started-at="2025-05-05T18:43:45 GMT" name="LoginAPIHomeloan" finished-at="2025-05-05T18:43:45 GMT" duration-ms="2" status="PASS">
          <reporter-output>
          </reporter-output>
        </test-method> <!-- LoginAPIHomeloan -->
        <test-method signature="MobileloginHomeLoan()[pri:0, instance:tests.day4@24313fcc]" started-at="2025-05-05T18:43:45 GMT" name="MobileloginHomeLoan" finished-at="2025-05-05T18:43:45 GMT" duration-ms="1" status="PASS">
          <reporter-output>
          </reporter-output>
        </test-method> <!-- MobileloginHomeLoan -->
        <test-method signature="WebloginHomeloan(java.lang.String,java.lang.String)[pri:0, instance:tests.day4@24313fcc]" started-at="2025-05-05T18:43:45 GMT" name="WebloginHomeloan" finished-at="2025-05-05T18:43:45 GMT" duration-ms="3" status="PASS">
          <params>
            <param index="0">
              <value>
                <![CDATA[qaclickacademy.com]]>
              </value>
            </param>
            <param index="1">
              <value>
                <![CDATA[12345]]>
              </value>
            </param>
          </params>
          <reporter-output>
          </reporter-output>
        </test-method> <!-- WebloginHomeloan -->
      </class> <!-- tests.day4 -->
      <class name="tests.day2">
        <test-method is-config="true" signature="prerequisite()[pri:0, instance:tests.day2@3bd82cf5]" started-at="2025-05-05T18:43:45 GMT" name="prerequisite" finished-at="2025-05-05T18:43:45 GMT" duration-ms="1" status="PASS">
          <reporter-output>
          </reporter-output>
        </test-method> <!-- prerequisite -->
        <test-method signature="hark()[pri:0, instance:tests.day2@3bd82cf5]" started-at="2025-05-05T18:43:45 GMT" name="hark" finished-at="2025-05-05T18:43:45 GMT" duration-ms="1" status="PASS">
          <reporter-output>
          </reporter-output>
        </test-method> <!-- hark -->
      </class> <!-- tests.day2 -->
      <class name="tests.day1">
        <test-method signature="first()[pri:0, instance:tests.day1@7817fd62]" started-at="2025-05-05T18:43:45 GMT" name="first" finished-at="2025-05-05T18:43:45 GMT" duration-ms="7" status="PASS">
          <reporter-output>
          </reporter-output>
        </test-method> <!-- first -->
        <test-method is-config="true" signature="nonPreq()[pri:0, instance:tests.day1@7817fd62]" started-at="2025-05-05T18:43:45 GMT" name="nonPreq" finished-at="2025-05-05T18:43:45 GMT" duration-ms="0" status="PASS">
          <reporter-output>
          </reporter-output>
        </test-method> <!-- nonPreq -->
      </class> <!-- tests.day1 -->
    </test> <!-- Trials -->
    <test started-at="2025-05-05T18:43:45 GMT" name="Car Loan" finished-at="2025-05-05T18:43:45 GMT" duration-ms="68">
      <class name="tests.day4">
        <test-method is-config="true" signature="afSuite()[pri:0, instance:tests.day4@24313fcc]" started-at="2025-05-05T18:43:45 GMT" name="afSuite" finished-at="2025-05-05T18:43:45 GMT" duration-ms="1" status="PASS">
          <reporter-output>
          </reporter-output>
        </test-method> <!-- afSuite -->
      </class> <!-- tests.day4 -->
      <class name="tests.day3">
        <test-method is-config="true" signature="bfSuite()[pri:0, instance:tests.day3@394a2528]" started-at="2025-05-05T18:43:45 GMT" name="bfSuite" finished-at="2025-05-05T18:43:45 GMT" duration-ms="9" status="PASS">
          <reporter-output>
          </reporter-output>
        </test-method> <!-- bfSuite -->
        <test-method is-config="true" signature="befClas()[pri:0, instance:tests.day3@394a2528]" started-at="2025-05-05T18:43:45 GMT" name="befClas" finished-at="2025-05-05T18:43:45 GMT" duration-ms="0" status="PASS">
          <reporter-output>
          </reporter-output>
        </test-method> <!-- befClas -->
        <test-method signature="MobileloginCarLoan()[pri:0, instance:tests.day3@394a2528]" started-at="2025-05-05T18:43:45 GMT" name="MobileloginCarLoan" finished-at="2025-05-05T18:43:45 GMT" duration-ms="6" status="PASS">
          <reporter-output>
          </reporter-output>
        </test-method> <!-- MobileloginCarLoan -->
        <test-method is-config="true" signature="beforeevery()[pri:0, instance:tests.day3@394a2528]" started-at="2025-05-05T18:43:45 GMT" name="beforeevery" finished-at="2025-05-05T18:43:45 GMT" duration-ms="0" status="PASS">
          <reporter-output>
          </reporter-output>
        </test-method> <!-- beforeevery -->
        <test-method is-config="true" signature="aftSuite()[pri:0, instance:tests.day3@394a2528]" started-at="2025-05-05T18:43:45 GMT" name="aftSuite" finished-at="2025-05-05T18:43:45 GMT" duration-ms="1" status="PASS">
          <reporter-output>
          </reporter-output>
        </test-method> <!-- aftSuite -->
        <test-method is-config="true" signature="beforeevery()[pri:0, instance:tests.day3@394a2528]" started-at="2025-05-05T18:43:45 GMT" name="beforeevery" finished-at="2025-05-05T18:43:45 GMT" duration-ms="1" status="PASS">
          <reporter-output>
          </reporter-output>
        </test-method> <!-- beforeevery -->
        <test-method signature="MobilesigninCarLoan()[pri:0, instance:tests.day3@394a2528]" started-at="2025-05-05T18:43:45 GMT" name="MobilesigninCarLoan" finished-at="2025-05-05T18:43:45 GMT" duration-ms="0" status="PASS">
          <reporter-output>
          </reporter-output>
        </test-method> <!-- MobilesigninCarLoan -->
        <test-method is-config="true" signature="aftSuite()[pri:0, instance:tests.day3@394a2528]" started-at="2025-05-05T18:43:45 GMT" name="aftSuite" finished-at="2025-05-05T18:43:45 GMT" duration-ms="0" status="PASS">
          <reporter-output>
          </reporter-output>
        </test-method> <!-- aftSuite -->
        <test-method is-config="true" signature="beforeevery()[pri:0, instance:tests.day3@394a2528]" started-at="2025-05-05T18:43:45 GMT" name="beforeevery" finished-at="2025-05-05T18:43:45 GMT" duration-ms="1" status="PASS">
          <reporter-output>
          </reporter-output>
        </test-method> <!-- beforeevery -->
        <test-method signature="MobilesignoutCarLoan(java.lang.String,java.lang.String)[pri:0, instance:tests.day3@394a2528]" started-at="2025-05-05T18:43:45 GMT" name="MobilesignoutCarLoan" data-provider="getData" finished-at="2025-05-05T18:43:45 GMT" duration-ms="3" status="PASS">
          <params>
            <param index="0">
              <value>
                <![CDATA[firstusername]]>
              </value>
            </param>
            <param index="1">
              <value>
                <![CDATA[firstpassword]]>
              </value>
            </param>
          </params>
          <reporter-output>
          </reporter-output>
        </test-method> <!-- MobilesignoutCarLoan -->
        <test-method is-config="true" signature="aftSuite()[pri:0, instance:tests.day3@394a2528]" started-at="2025-05-05T18:43:45 GMT" name="aftSuite" finished-at="2025-05-05T18:43:45 GMT" duration-ms="0" status="PASS">
          <reporter-output>
          </reporter-output>
        </test-method> <!-- aftSuite -->
        <test-method is-config="true" signature="beforeevery()[pri:0, instance:tests.day3@394a2528]" started-at="2025-05-05T18:43:45 GMT" name="beforeevery" finished-at="2025-05-05T18:43:45 GMT" duration-ms="0" status="PASS">
          <reporter-output>
          </reporter-output>
        </test-method> <!-- beforeevery -->
        <test-method signature="MobilesignoutCarLoan(java.lang.String,java.lang.String)[pri:0, instance:tests.day3@394a2528]" started-at="2025-05-05T18:43:45 GMT" name="MobilesignoutCarLoan" data-provider="getData" finished-at="2025-05-05T18:43:45 GMT" duration-ms="0" status="PASS">
          <params>
            <param index="0">
              <value>
                <![CDATA[secondusername]]>
              </value>
            </param>
            <param index="1">
              <value>
                <![CDATA[secondpassword]]>
              </value>
            </param>
          </params>
          <reporter-output>
          </reporter-output>
        </test-method> <!-- MobilesignoutCarLoan -->
        <test-method is-config="true" signature="aftSuite()[pri:0, instance:tests.day3@394a2528]" started-at="2025-05-05T18:43:45 GMT" name="aftSuite" finished-at="2025-05-05T18:43:45 GMT" duration-ms="1" status="PASS">
          <reporter-output>
          </reporter-output>
        </test-method> <!-- aftSuite -->
        <test-method signature="MobilesignoutCarLoan(java.lang.String,java.lang.String)[pri:0, instance:tests.day3@394a2528]" started-at="2025-05-05T18:43:45 GMT" name="MobilesignoutCarLoan" data-provider="getData" finished-at="2025-05-05T18:43:45 GMT" duration-ms="1" status="PASS">
          <params>
            <param index="0">
              <value>
                <![CDATA[thirdusername]]>
              </value>
            </param>
            <param index="1">
              <value>
                <![CDATA[thirdpassword]]>
              </value>
            </param>
          </params>
          <reporter-output>
          </reporter-output>
        </test-method> <!-- MobilesignoutCarLoan -->
        <test-method is-config="true" signature="beforeevery()[pri:0, instance:tests.day3@394a2528]" started-at="2025-05-05T18:43:45 GMT" name="beforeevery" finished-at="2025-05-05T18:43:45 GMT" duration-ms="0" status="PASS">
          <reporter-output>
          </reporter-output>
        </test-method> <!-- beforeevery -->
        <test-method is-config="true" signature="aftSuite()[pri:0, instance:tests.day3@394a2528]" started-at="2025-05-05T18:43:45 GMT" name="aftSuite" finished-at="2025-05-05T18:43:45 GMT" duration-ms="0" status="PASS">
          <reporter-output>
          </reporter-output>
        </test-method> <!-- aftSuite -->
        <test-method signature="WebloginCarloan(java.lang.String)[pri:0, instance:tests.day3@394a2528]" started-at="2025-05-05T18:43:45 GMT" name="WebloginCarloan" finished-at="2025-05-05T18:43:45 GMT" duration-ms="1" status="PASS">
          <params>
            <param index="0">
              <value>
                <![CDATA[carloan.com]]>
              </value>
            </param>
          </params>
          <reporter-output>
          </reporter-output>
        </test-method> <!-- WebloginCarloan -->
        <test-method is-config="true" signature="beforeevery()[pri:0, instance:tests.day3@394a2528]" started-at="2025-05-05T18:43:45 GMT" name="beforeevery" finished-at="2025-05-05T18:43:45 GMT" duration-ms="0" status="PASS">
          <reporter-output>
          </reporter-output>
        </test-method> <!-- beforeevery -->
        <test-method is-config="true" signature="aftSuite()[pri:0, instance:tests.day3@394a2528]" started-at="2025-05-05T18:43:45 GMT" name="aftSuite" finished-at="2025-05-05T18:43:45 GMT" duration-ms="0" status="PASS">
          <reporter-output>
          </reporter-output>
        </test-method> <!-- aftSuite -->
        <test-method is-config="true" signature="aftClas()[pri:0, instance:tests.day3@394a2528]" started-at="2025-05-05T18:43:45 GMT" name="aftClas" finished-at="2025-05-05T18:43:45 GMT" duration-ms="1" status="PASS">
          <reporter-output>
          </reporter-output>
        </test-method> <!-- aftClas -->
      </class> <!-- tests.day3 -->
    </test> <!-- Car Loan -->
  </suite> <!-- MyFuckingTests -->
</testng-results>
