<?xml version="1.0" encoding="UTF-8"?>
<!-- Generated by org.testng.reporters.JUnitXMLReporter -->
<testsuite ignored="1" hostname="JIGGYS-LAPTOP" failures="0" tests="6" name="Car Loan" time="0.068" errors="0" timestamp="2025-05-05T18:43:45 GMT">
  <testcase classname="tests.day3" name="MobileloginCarLoan" time="0.006"/>
  <testcase classname="tests.day3" name="MobilesigninCarLoan" time="0.0"/>
  <testcase classname="tests.day3" name="MobilesignoutCarLoan" time="0.003"/>
  <testcase classname="tests.day3" name="MobilesignoutCarLoan" time="0.0"/>
  <testcase classname="tests.day3" name="MobilesignoutCarLoan" time="0.001"/>
  <testcase classname="tests.day3" name="WebloginCarloan" time="0.001"/>
  <testcase classname="tests.day3" name="APICarloan" time="0.0">
    <ignored/>
  </testcase> <!-- APICarloan -->
</testsuite> <!-- Car Loan -->
